Determining if the pthread_create exist failed with the following output:
Change Dir: /home/user/Twisted-Hessian-Curve/build/CMakeFiles/CMakeTmp

Run Build Command:"/usr/bin/ninja" "cmTC_e4940"
[1/2] Building CXX object CMakeFiles/cmTC_e4940.dir/CheckSymbolExists.cxx.o
[2/2] Linking CXX executable cmTC_e4940
FAILED: cmTC_e4940 
: && /usr/bin/c++     CMakeFiles/cmTC_e4940.dir/CheckSymbolExists.cxx.o  -o cmTC_e4940   && :
CMakeFiles/cmTC_e4940.dir/CheckSymbolExists.cxx.o:CheckSymbolExists.cxx:function main: error: undefined reference to 'pthread_create'
collect2: error: ld returned 1 exit status
ninja: build stopped: subcommand failed.

File /home/user/Twisted-Hessian-Curve/build/CMakeFiles/CMakeTmp/CheckSymbolExists.cxx:
/* */
#include <pthread.h>

int main(int argc, char** argv)
{
  (void)argv;
#ifndef pthread_create
  return ((int*)(&pthread_create))[argc];
#else
  (void)argc;
  return 0;
#endif
}

